DEBUG - 2026-06-13 05:54:12 --> Session: Class initialized using 'CodeIgniter\Session\Handlers\FileHandler' driver.
DEBUG - 2026-06-13 05:54:19 --> Session: Class initialized using 'CodeIgniter\Session\Handlers\FileHandler' driver.
DEBUG - 2026-06-13 05:54:24 --> Session: Class initialized using 'CodeIgniter\Session\Handlers\FileHandler' driver.
DEBUG - 2026-06-13 18:17:15 --> Session: Class initialized using 'CodeIgniter\Session\Handlers\FileHandler' driver.
DEBUG - 2026-06-13 18:17:17 --> Session: Class initialized using 'CodeIgniter\Session\Handlers\FileHandler' driver.
DEBUG - 2026-06-13 18:17:30 --> Session: Class initialized using 'CodeIgniter\Session\Handlers\FileHandler' driver.
DEBUG - 2026-06-13 18:30:52 --> Session: Class initialized using 'CodeIgniter\Session\Handlers\FileHandler' driver.
DEBUG - 2026-06-13 18:30:53 --> Session: Class initialized using 'CodeIgniter\Session\Handlers\FileHandler' driver.
ERROR - 2026-06-13 18:31:51 --> Error connecting to the database: mysqli_sql_exception: Access denied for user 'root'@'localhost' (using password: YES) in C:\xampp\htdocs\datatest\system\Database\MySQLi\Connection.php:201
Stack trace:
#0 C:\xampp\htdocs\datatest\system\Database\MySQLi\Connection.php(201): mysqli->real_connect('localhost', 'root', Object(SensitiveParameterValue), 'test', 3306, '', 0)
#1 C:\xampp\htdocs\datatest\system\Database\BaseConnection.php(555): CodeIgniter\Database\MySQLi\Connection->connect(false)
#2 C:\xampp\htdocs\datatest\system\Database\BaseConnection.php(795): CodeIgniter\Database\BaseConnection->initialize()
#3 C:\xampp\htdocs\datatest\system\Database\BaseBuilder.php(1647): CodeIgniter\Database\BaseConnection->query('SELECT 1\nFROM `...', Array, false)
#4 C:\xampp\htdocs\datatest\system\Validation\Rules.php(175): CodeIgniter\Database\BaseBuilder->get()
#5 C:\xampp\htdocs\datatest\system\Validation\StrictRules\Rules.php(187): CodeIgniter\Validation\Rules->is_unique('izaqgeorge@gmai...', 'users.email', Array)
#6 C:\xampp\htdocs\datatest\system\Validation\Validation.php(345): CodeIgniter\Validation\StrictRules\Rules->is_unique('izaqgeorge@gmai...', 'users.email', Array, NULL, 'email')
#7 C:\xampp\htdocs\datatest\system\Validation\Validation.php(210): CodeIgniter\Validation\Validation->processRules('email', 'email', 'izaqgeorge@gmai...', Array, Array, 'email')
#8 C:\xampp\htdocs\datatest\system\Controller.php(136): CodeIgniter\Validation\Validation->run()
#9 C:\xampp\htdocs\datatest\app\Controllers\AuthController.php(22): CodeIgniter\Controller->validate(Array)
#10 C:\xampp\htdocs\datatest\system\CodeIgniter.php(974): App\Controllers\AuthController->processRegister()
#11 C:\xampp\htdocs\datatest\system\CodeIgniter.php(520): CodeIgniter\CodeIgniter->runController(Object(App\Controllers\AuthController))
#12 C:\xampp\htdocs\datatest\system\CodeIgniter.php(363): CodeIgniter\CodeIgniter->handleRequest(NULL, Object(Config\Cache), false)
#13 C:\xampp\htdocs\datatest\system\Boot.php(417): CodeIgniter\CodeIgniter->run()
#14 C:\xampp\htdocs\datatest\system\Boot.php(68): CodeIgniter\Boot::runCodeIgniter(Object(CodeIgniter\CodeIgniter))
#15 C:\xampp\htdocs\datatest\public\index.php(59): CodeIgniter\Boot::bootWeb(Object(Config\Paths))
#16 {main}

Next CodeIgniter\Database\Exceptions\DatabaseException: Access denied for user '****'@'localhost' (using password: YES) in C:\xampp\htdocs\datatest\system\Database\MySQLi\Connection.php:231
Stack trace:
#0 C:\xampp\htdocs\datatest\system\Database\BaseConnection.php(555): CodeIgniter\Database\MySQLi\Connection->connect(false)
#1 C:\xampp\htdocs\datatest\system\Database\BaseConnection.php(795): CodeIgniter\Database\BaseConnection->initialize()
#2 C:\xampp\htdocs\datatest\system\Database\BaseBuilder.php(1647): CodeIgniter\Database\BaseConnection->query('SELECT 1\nFROM `...', Array, false)
#3 C:\xampp\htdocs\datatest\system\Validation\Rules.php(175): CodeIgniter\Database\BaseBuilder->get()
#4 C:\xampp\htdocs\datatest\system\Validation\StrictRules\Rules.php(187): CodeIgniter\Validation\Rules->is_unique('izaqgeorge@gmai...', 'users.email', Array)
#5 C:\xampp\htdocs\datatest\system\Validation\Validation.php(345): CodeIgniter\Validation\StrictRules\Rules->is_unique('izaqgeorge@gmai...', 'users.email', Array, NULL, 'email')
#6 C:\xampp\htdocs\datatest\system\Validation\Validation.php(210): CodeIgniter\Validation\Validation->processRules('email', 'email', 'izaqgeorge@gmai...', Array, Array, 'email')
#7 C:\xampp\htdocs\datatest\system\Controller.php(136): CodeIgniter\Validation\Validation->run()
#8 C:\xampp\htdocs\datatest\app\Controllers\AuthController.php(22): CodeIgniter\Controller->validate(Array)
#9 C:\xampp\htdocs\datatest\system\CodeIgniter.php(974): App\Controllers\AuthController->processRegister()
#10 C:\xampp\htdocs\datatest\system\CodeIgniter.php(520): CodeIgniter\CodeIgniter->runController(Object(App\Controllers\AuthController))
#11 C:\xampp\htdocs\datatest\system\CodeIgniter.php(363): CodeIgniter\CodeIgniter->handleRequest(NULL, Object(Config\Cache), false)
#12 C:\xampp\htdocs\datatest\system\Boot.php(417): CodeIgniter\CodeIgniter->run()
#13 C:\xampp\htdocs\datatest\system\Boot.php(68): CodeIgniter\Boot::runCodeIgniter(Object(CodeIgniter\CodeIgniter))
#14 C:\xampp\htdocs\datatest\public\index.php(59): CodeIgniter\Boot::bootWeb(Object(Config\Paths))
#15 {main}
CRITICAL - 2026-06-13 18:31:51 --> CodeIgniter\Database\Exceptions\DatabaseException: Unable to connect to the database.
Main connection [MySQLi]: Access denied for user '****'@'localhost' (using password: YES)
[Method: POST, Route: register/process]
in SYSTEMPATH\Database\BaseConnection.php on line 606.
 1 SYSTEMPATH\Database\BaseConnection.php(795): CodeIgniter\Database\BaseConnection->initialize()
 2 SYSTEMPATH\Database\BaseBuilder.php(1647): CodeIgniter\Database\BaseConnection->query('SELECT 1
FROM `users`
WHERE `email` = :email:
 LIMIT 1', [...], false)
 3 SYSTEMPATH\Validation\Rules.php(175): CodeIgniter\Database\BaseBuilder->get()
 4 SYSTEMPATH\Validation\StrictRules\Rules.php(187): CodeIgniter\Validation\Rules->is_unique('izaqgeorge@gmail.com', 'users.email', [...])
 5 SYSTEMPATH\Validation\Validation.php(345): CodeIgniter\Validation\StrictRules\Rules->is_unique('izaqgeorge@gmail.com', 'users.email', [...], null, 'email')
 6 SYSTEMPATH\Validation\Validation.php(210): CodeIgniter\Validation\Validation->processRules('email', 'email', 'izaqgeorge@gmail.com', [...], [...], 'email')
 7 SYSTEMPATH\Controller.php(136): CodeIgniter\Validation\Validation->run()
 8 APPPATH\Controllers\AuthController.php(22): CodeIgniter\Controller->validate([...])
 9 SYSTEMPATH\CodeIgniter.php(974): App\Controllers\AuthController->processRegister()
10 SYSTEMPATH\CodeIgniter.php(520): CodeIgniter\CodeIgniter->runController(Object(App\Controllers\AuthController))
11 SYSTEMPATH\CodeIgniter.php(363): CodeIgniter\CodeIgniter->handleRequest(null, Object(Config\Cache), false)
12 SYSTEMPATH\Boot.php(417): CodeIgniter\CodeIgniter->run()
13 SYSTEMPATH\Boot.php(68): CodeIgniter\Boot::runCodeIgniter(Object(CodeIgniter\CodeIgniter))
14 FCPATH\index.php(59): CodeIgniter\Boot::bootWeb(Object(Config\Paths))
ERROR - 2026-06-13 18:34:25 --> Table 'test.users' doesn't exist
in SYSTEMPATH\Database\MySQLi\Connection.php on line 300.
 1 SYSTEMPATH\Database\MySQLi\Connection.php(300): mysqli->query('SELECT 1
FROM `users`
WHERE `email` = \'izaqgeorge@gmail.com\'
 LIMIT 1', 0)
 2 SYSTEMPATH\Database\BaseConnection.php(908): CodeIgniter\Database\MySQLi\Connection->execute('SELECT 1
FROM `users`
WHERE `email` = \'izaqgeorge@gmail.com\'
 LIMIT 1')
 3 SYSTEMPATH\Database\BaseConnection.php(825): CodeIgniter\Database\BaseConnection->simpleQuery('SELECT 1
FROM `users`
WHERE `email` = \'izaqgeorge@gmail.com\'
 LIMIT 1')
 4 SYSTEMPATH\Database\BaseBuilder.php(1647): CodeIgniter\Database\BaseConnection->query('SELECT 1
FROM `users`
WHERE `email` = :email:
 LIMIT 1', [...], false)
 5 SYSTEMPATH\Validation\Rules.php(175): CodeIgniter\Database\BaseBuilder->get()
 6 SYSTEMPATH\Validation\StrictRules\Rules.php(187): CodeIgniter\Validation\Rules->is_unique('izaqgeorge@gmail.com', 'users.email', [...])
 7 SYSTEMPATH\Validation\Validation.php(345): CodeIgniter\Validation\StrictRules\Rules->is_unique('izaqgeorge@gmail.com', 'users.email', [...], null, 'email')
 8 SYSTEMPATH\Validation\Validation.php(210): CodeIgniter\Validation\Validation->processRules('email', 'email', 'izaqgeorge@gmail.com', [...], [...], 'email')
 9 SYSTEMPATH\Controller.php(136): CodeIgniter\Validation\Validation->run()
10 APPPATH\Controllers\AuthController.php(22): CodeIgniter\Controller->validate([...])
11 SYSTEMPATH\CodeIgniter.php(974): App\Controllers\AuthController->processRegister()
12 SYSTEMPATH\CodeIgniter.php(520): CodeIgniter\CodeIgniter->runController(Object(App\Controllers\AuthController))
13 SYSTEMPATH\CodeIgniter.php(363): CodeIgniter\CodeIgniter->handleRequest(null, Object(Config\Cache), false)
14 SYSTEMPATH\Boot.php(417): CodeIgniter\CodeIgniter->run()
15 SYSTEMPATH\Boot.php(68): CodeIgniter\Boot::runCodeIgniter(Object(CodeIgniter\CodeIgniter))
16 FCPATH\index.php(59): CodeIgniter\Boot::bootWeb(Object(Config\Paths))
CRITICAL - 2026-06-13 18:34:25 --> CodeIgniter\Database\Exceptions\DatabaseException: Table 'test.users' doesn't exist
[Method: POST, Route: register/process]
in SYSTEMPATH\Database\BaseConnection.php on line 863.
 1 SYSTEMPATH\Database\BaseBuilder.php(1647): CodeIgniter\Database\BaseConnection->query('SELECT 1
FROM `users`
WHERE `email` = :email:
 LIMIT 1', [...], false)
 2 SYSTEMPATH\Validation\Rules.php(175): CodeIgniter\Database\BaseBuilder->get()
 3 SYSTEMPATH\Validation\StrictRules\Rules.php(187): CodeIgniter\Validation\Rules->is_unique('izaqgeorge@gmail.com', 'users.email', [...])
 4 SYSTEMPATH\Validation\Validation.php(345): CodeIgniter\Validation\StrictRules\Rules->is_unique('izaqgeorge@gmail.com', 'users.email', [...], null, 'email')
 5 SYSTEMPATH\Validation\Validation.php(210): CodeIgniter\Validation\Validation->processRules('email', 'email', 'izaqgeorge@gmail.com', [...], [...], 'email')
 6 SYSTEMPATH\Controller.php(136): CodeIgniter\Validation\Validation->run()
 7 APPPATH\Controllers\AuthController.php(22): CodeIgniter\Controller->validate([...])
 8 SYSTEMPATH\CodeIgniter.php(974): App\Controllers\AuthController->processRegister()
 9 SYSTEMPATH\CodeIgniter.php(520): CodeIgniter\CodeIgniter->runController(Object(App\Controllers\AuthController))
10 SYSTEMPATH\CodeIgniter.php(363): CodeIgniter\CodeIgniter->handleRequest(null, Object(Config\Cache), false)
11 SYSTEMPATH\Boot.php(417): CodeIgniter\CodeIgniter->run()
12 SYSTEMPATH\Boot.php(68): CodeIgniter\Boot::runCodeIgniter(Object(CodeIgniter\CodeIgniter))
13 FCPATH\index.php(59): CodeIgniter\Boot::bootWeb(Object(Config\Paths))
CRITICAL - 2026-06-13 18:34:25 --> [Caused by] CodeIgniter\Database\Exceptions\DatabaseException: Table 'test.users' doesn't exist
in SYSTEMPATH\Database\MySQLi\Connection.php on line 310.
 1 SYSTEMPATH\Database\BaseConnection.php(908): CodeIgniter\Database\MySQLi\Connection->execute('SELECT 1
FROM `users`
WHERE `email` = \'izaqgeorge@gmail.com\'
 LIMIT 1')
 2 SYSTEMPATH\Database\BaseConnection.php(825): CodeIgniter\Database\BaseConnection->simpleQuery('SELECT 1
FROM `users`
WHERE `email` = \'izaqgeorge@gmail.com\'
 LIMIT 1')
 3 SYSTEMPATH\Database\BaseBuilder.php(1647): CodeIgniter\Database\BaseConnection->query('SELECT 1
FROM `users`
WHERE `email` = :email:
 LIMIT 1', [...], false)
 4 SYSTEMPATH\Validation\Rules.php(175): CodeIgniter\Database\BaseBuilder->get()
 5 SYSTEMPATH\Validation\StrictRules\Rules.php(187): CodeIgniter\Validation\Rules->is_unique('izaqgeorge@gmail.com', 'users.email', [...])
 6 SYSTEMPATH\Validation\Validation.php(345): CodeIgniter\Validation\StrictRules\Rules->is_unique('izaqgeorge@gmail.com', 'users.email', [...], null, 'email')
 7 SYSTEMPATH\Validation\Validation.php(210): CodeIgniter\Validation\Validation->processRules('email', 'email', 'izaqgeorge@gmail.com', [...], [...], 'email')
 8 SYSTEMPATH\Controller.php(136): CodeIgniter\Validation\Validation->run()
 9 APPPATH\Controllers\AuthController.php(22): CodeIgniter\Controller->validate([...])
10 SYSTEMPATH\CodeIgniter.php(974): App\Controllers\AuthController->processRegister()
11 SYSTEMPATH\CodeIgniter.php(520): CodeIgniter\CodeIgniter->runController(Object(App\Controllers\AuthController))
12 SYSTEMPATH\CodeIgniter.php(363): CodeIgniter\CodeIgniter->handleRequest(null, Object(Config\Cache), false)
13 SYSTEMPATH\Boot.php(417): CodeIgniter\CodeIgniter->run()
14 SYSTEMPATH\Boot.php(68): CodeIgniter\Boot::runCodeIgniter(Object(CodeIgniter\CodeIgniter))
15 FCPATH\index.php(59): CodeIgniter\Boot::bootWeb(Object(Config\Paths))
CRITICAL - 2026-06-13 18:34:25 --> [Caused by] mysqli_sql_exception: Table 'test.users' doesn't exist
in SYSTEMPATH\Database\MySQLi\Connection.php on line 300.
 1 SYSTEMPATH\Database\MySQLi\Connection.php(300): mysqli->query('SELECT 1
FROM `users`
WHERE `email` = \'izaqgeorge@gmail.com\'
 LIMIT 1', 0)
 2 SYSTEMPATH\Database\BaseConnection.php(908): CodeIgniter\Database\MySQLi\Connection->execute('SELECT 1
FROM `users`
WHERE `email` = \'izaqgeorge@gmail.com\'
 LIMIT 1')
 3 SYSTEMPATH\Database\BaseConnection.php(825): CodeIgniter\Database\BaseConnection->simpleQuery('SELECT 1
FROM `users`
WHERE `email` = \'izaqgeorge@gmail.com\'
 LIMIT 1')
 4 SYSTEMPATH\Database\BaseBuilder.php(1647): CodeIgniter\Database\BaseConnection->query('SELECT 1
FROM `users`
WHERE `email` = :email:
 LIMIT 1', [...], false)
 5 SYSTEMPATH\Validation\Rules.php(175): CodeIgniter\Database\BaseBuilder->get()
 6 SYSTEMPATH\Validation\StrictRules\Rules.php(187): CodeIgniter\Validation\Rules->is_unique('izaqgeorge@gmail.com', 'users.email', [...])
 7 SYSTEMPATH\Validation\Validation.php(345): CodeIgniter\Validation\StrictRules\Rules->is_unique('izaqgeorge@gmail.com', 'users.email', [...], null, 'email')
 8 SYSTEMPATH\Validation\Validation.php(210): CodeIgniter\Validation\Validation->processRules('email', 'email', 'izaqgeorge@gmail.com', [...], [...], 'email')
 9 SYSTEMPATH\Controller.php(136): CodeIgniter\Validation\Validation->run()
10 APPPATH\Controllers\AuthController.php(22): CodeIgniter\Controller->validate([...])
11 SYSTEMPATH\CodeIgniter.php(974): App\Controllers\AuthController->processRegister()
12 SYSTEMPATH\CodeIgniter.php(520): CodeIgniter\CodeIgniter->runController(Object(App\Controllers\AuthController))
13 SYSTEMPATH\CodeIgniter.php(363): CodeIgniter\CodeIgniter->handleRequest(null, Object(Config\Cache), false)
14 SYSTEMPATH\Boot.php(417): CodeIgniter\CodeIgniter->run()
15 SYSTEMPATH\Boot.php(68): CodeIgniter\Boot::runCodeIgniter(Object(CodeIgniter\CodeIgniter))
16 FCPATH\index.php(59): CodeIgniter\Boot::bootWeb(Object(Config\Paths))
DEBUG - 2026-06-13 18:45:35 --> Session: Class initialized using 'CodeIgniter\Session\Handlers\FileHandler' driver.
DEBUG - 2026-06-13 18:45:35 --> Session: Class initialized using 'CodeIgniter\Session\Handlers\FileHandler' driver.
DEBUG - 2026-06-13 18:46:19 --> Session: Class initialized using 'CodeIgniter\Session\Handlers\FileHandler' driver.
DEBUG - 2026-06-13 18:47:31 --> Session: Class initialized using 'CodeIgniter\Session\Handlers\FileHandler' driver.
DEBUG - 2026-06-13 18:47:31 --> Session: Class initialized using 'CodeIgniter\Session\Handlers\FileHandler' driver.
DEBUG - 2026-06-13 18:47:49 --> Session: Class initialized using 'CodeIgniter\Session\Handlers\FileHandler' driver.
DEBUG - 2026-06-13 18:47:49 --> Session: Class initialized using 'CodeIgniter\Session\Handlers\FileHandler' driver.
